{"/Users/mihailandreev/nomad_bridge/lib/trust-score.ts": {"path":"/Users/mihailandreev/nomad_bridge/lib/trust-score.ts","statementMap":{"0":{"start":{"line":6,"column":19},"end":{"line":6,"column":null}},"1":{"start":{"line":7,"column":2},"end":{"line":7,"column":null}},"2":{"start":{"line":15,"column":2},"end":{"line":16,"column":null}},"3":{"start":{"line":16,"column":4},"end":{"line":16,"column":null}},"4":{"start":{"line":18,"column":2},"end":{"line":19,"column":null}},"5":{"start":{"line":19,"column":4},"end":{"line":19,"column":null}},"6":{"start":{"line":21,"column":2},"end":{"line":21,"column":null}}},"fnMap":{"0":{"name":"adjustTrustScore","decl":{"start":{"line":5,"column":16},"end":{"line":5,"column":33}},"loc":{"start":{"line":5,"column":73},"end":{"line":7,"column":null}},"line":5},"1":{"name":"calculateVerificationLevel","decl":{"start":{"line":14,"column":16},"end":{"line":14,"column":43}},"loc":{"start":{"line":14,"column":95},"end":{"line":21,"column":null}},"line":14}},"branchMap":{"0":{"loc":{"start":{"line":7,"column":9},"end":{"line":7,"column":null}},"type":"cond-expr","locations":[{"start":{"line":7,"column":26},"end":{"line":7,"column":32}},{"start":{"line":7,"column":32},"end":{"line":7,"column":null}}],"line":7},"1":{"loc":{"start":{"line":15,"column":2},"end":{"line":16,"column":null}},"type":"if","locations":[{"start":{"line":15,"column":2},"end":{"line":16,"column":null}},{"start":{},"end":{}}],"line":15},"2":{"loc":{"start":{"line":18,"column":2},"end":{"line":19,"column":null}},"type":"if","locations":[{"start":{"line":18,"column":2},"end":{"line":19,"column":null}},{"start":{},"end":{}}],"line":18}},"s":{"0":4,"1":4,"2":5,"3":2,"4":3,"5":2,"6":1},"f":{"0":4,"1":5},"b":{"0":[2,2],"1":[2,3],"2":[2,1]},"meta":{"lastBranch":3,"lastFunction":2,"lastStatement":7,"seen":{"f:5:16:5:33":0,"s:6:19:6:Infinity":0,"s:7:2:7:Infinity":1,"b:7:26:7:32:7:32:7:Infinity":0,"f:14:16:14:43":1,"b:15:2:16:Infinity:undefined:undefined:undefined:undefined":1,"s:15:2:16:Infinity":2,"s:16:4:16:Infinity":3,"b:18:2:19:Infinity:undefined:undefined:undefined:undefined":2,"s:18:2:19:Infinity":4,"s:19:4:19:Infinity":5,"s:21:2:21:Infinity":6}}}
}
